#
# There is insufficient memory for the Java Runtime Environment to continue.
# Native memory allocation (malloc) failed to allocate 65552 bytes for Chunk::new
# Possible reasons:
#   The system is out of physical RAM or swap space
#   The process is running with CompressedOops enabled, and the Java Heap may be blocking the growth of the native heap
# Possible solutions:
#   Reduce memory load on the system
#   Increase physical memory or swap space
#   Check if swap backing store is full
#   Decrease Java heap size (-Xmx/-Xms)
#   Decrease number of Java threads
#   Decrease Java thread stack sizes (-Xss)
#   Set larger code cache with -XX:ReservedCodeCacheSize=
#   JVM is running with Unscaled Compressed Oops mode in which the Java heap is
#     placed in the first 4GB address space. The Java Heap base address is the
#     maximum limit for the native heap growth. Please use -XX:HeapBaseMinAddress
#     to set the Java Heap base and to place the Java Heap above 4GB virtual address.
# This output file may be truncated or incomplete.
#
#  Out of Memory Error (arena.cpp:184), pid=15592, tid=19928
#
# JRE version: Java(TM) SE Runtime Environment (20.0.1+9) (build 20.0.1+9-29)
# Java VM: Java HotSpot(TM) 64-Bit Server VM (20.0.1+9-29, mixed mode, sharing, tiered, compressed oops, compressed class ptrs, g1 gc, windows-amd64)
# No core dump will be written. Minidumps are not enabled by default on client versions of Windows
#

---------------  S U M M A R Y ------------

Command Line: --add-opens=java.base/java.util=ALL-UNNAMED --add-opens=java.base/java.lang=ALL-UNNAMED --add-opens=java.base/java.lang.invoke=ALL-UNNAMED --add-opens=java.prefs/java.util.prefs=ALL-UNNAMED --add-opens=java.base/java.nio.charset=ALL-UNNAMED --add-opens=java.base/java.net=ALL-UNNAMED --add-opens=java.base/java.util.concurrent.atomic=ALL-UNNAMED -Xmx2048m -Dfile.encoding=UTF-8 -Duser.country=US -Duser.language=en -Duser.variant -javaagent:C:\Users\DELL\.gradle\wrapper\dists\gradle-8.6-bin\afr5mpiioh2wthjmwnkmdsd5w\gradle-8.6\lib\agents\gradle-instrumentation-agent-8.6.jar org.gradle.launcher.daemon.bootstrap.GradleDaemon 8.6

Host: AMD Ryzen 5 5500U with Radeon Graphics         , 12 cores, 7G,  Windows 11 , 64 bit Build 22621 (10.0.22621.3672)
Time: Thu Jul 11 19:39:56 2024 SE Asia Standard Time elapsed time: 6.825183 seconds (0d 0h 0m 6s)

---------------  T H R E A D  ---------------

Current thread (0x00000230cabe7c30):  JavaThread "C2 CompilerThread1" daemon [_thread_in_native, id=19928, stack(0x000000d0f2d00000,0x000000d0f2e00000)]


Current CompileTask:
C2:   6825 4046       4       jdk.internal.jimage.ImageLocation::getFullName (109 bytes)

Stack: [0x000000d0f2d00000,0x000000d0f2e00000]
Native frames: (J=compiled Java code, j=interpreted, Vv=VM code, C=native code)
V  [jvm.dll+0x6bb95a]
V  [jvm.dll+0x8485fa]
V  [jvm.dll+0x84a1f5]
V  [jvm.dll+0x84a8f3]
V  [jvm.dll+0x280b0f]
V  [jvm.dll+0xc2b11]
V  [jvm.dll+0xc2e35]
V  [jvm.dll+0xc2c34]
V  [jvm.dll+0x6deb5a]
V  [jvm.dll+0x24c637]
V  [jvm.dll+0x24a549]
V  [jvm.dll+0x1ce491]
V  [jvm.dll+0x259e1b]
V  [jvm.dll+0x2584f0]
V  [jvm.dll+0x3f2895]
V  [jvm.dll+0x7f4b56]
V  [jvm.dll+0x6ba5cb]
C  [ucrtbase.dll+0x29333]
C  [KERNEL32.DLL+0x1257d]
C  [ntdll.dll+0x5af28]


---------------  P R O C E S S  ---------------

Threads class SMR info:
_java_thread_list=0x00000230cd7fd990, length=35, elements={
0x00000230a8bb5070, 0x00000230c5a07cf0, 0x00000230c5a08af0, 0x00000230c5a0aa50,
0x00000230c5a0cce0, 0x00000230c5a0f860, 0x00000230c5a10a10, 0x00000230c5a13bd0,
0x00000230c5a34d10, 0x00000230c59d04d0, 0x00000230c9dceec0, 0x00000230cb490700,
0x00000230caf80bb0, 0x00000230cbc32090, 0x00000230cbc2d960, 0x00000230cbc26a10,
0x00000230cbc26f60, 0x00000230cbc264c0, 0x00000230cbc27a00, 0x00000230cbc274b0,
0x00000230cbc27f50, 0x00000230cbc284a0, 0x00000230cbc28f40, 0x00000230cbc29490,
0x00000230cbc289f0, 0x00000230cbc299e0, 0x00000230cdc0a800, 0x00000230cdc092c0,
0x00000230cdc09810, 0x00000230cdc08820, 0x00000230cdc0bd40, 0x00000230cdc09d60,
0x00000230cabe7c30, 0x00000230cdc0b7f0, 0x00000230cabe76a0
}

Java Threads: ( => current thread )
  0x00000230a8bb5070 JavaThread "main" [_thread_blocked, id=7396, stack(0x000000d0efb00000,0x000000d0efc00000)]
  0x00000230c5a07cf0 JavaThread "Reference Handler" daemon [_thread_blocked, id=14368, stack(0x000000d0f0200000,0x000000d0f0300000)]
  0x00000230c5a08af0 JavaThread "Finalizer" daemon [_thread_blocked, id=12256, stack(0x000000d0f0300000,0x000000d0f0400000)]
  0x00000230c5a0aa50 JavaThread "Signal Dispatcher" daemon [_thread_blocked, id=9660, stack(0x000000d0f0400000,0x000000d0f0500000)]
  0x00000230c5a0cce0 JavaThread "Attach Listener" daemon [_thread_blocked, id=7560, stack(0x000000d0f0500000,0x000000d0f0600000)]
  0x00000230c5a0f860 JavaThread "Service Thread" daemon [_thread_blocked, id=10556, stack(0x000000d0f0600000,0x000000d0f0700000)]
  0x00000230c5a10a10 JavaThread "Monitor Deflation Thread" daemon [_thread_blocked, id=16364, stack(0x000000d0f0700000,0x000000d0f0800000)]
  0x00000230c5a13bd0 JavaThread "C2 CompilerThread0" daemon [_thread_in_native, id=16624, stack(0x000000d0f0800000,0x000000d0f0900000)]
  0x00000230c5a34d10 JavaThread "C1 CompilerThread0" daemon [_thread_blocked, id=5720, stack(0x000000d0f0900000,0x000000d0f0a00000)]
  0x00000230c59d04d0 JavaThread "Common-Cleaner" daemon [_thread_blocked, id=19872, stack(0x000000d0f0a00000,0x000000d0f0b00000)]
  0x00000230c9dceec0 JavaThread "Notification Thread" daemon [_thread_blocked, id=18644, stack(0x000000d0f0b00000,0x000000d0f0c00000)]
  0x00000230cb490700 JavaThread "Daemon health stats" [_thread_blocked, id=11968, stack(0x000000d0f1200000,0x000000d0f1300000)]
  0x00000230caf80bb0 JavaThread "Incoming local TCP Connector on port 58611" [_thread_in_native, id=12092, stack(0x000000d0f1300000,0x000000d0f1400000)]
  0x00000230cbc32090 JavaThread "Daemon periodic checks" [_thread_blocked, id=7444, stack(0x000000d0f1400000,0x000000d0f1500000)]
  0x00000230cbc2d960 JavaThread "Daemon" [_thread_blocked, id=17856, stack(0x000000d0f1500000,0x000000d0f1600000)]
  0x00000230cbc26a10 JavaThread "Handler for socket connection from /127.0.0.1:58611 to /127.0.0.1:58612" [_thread_in_native, id=4904, stack(0x000000d0f1600000,0x000000d0f1700000)]
  0x00000230cbc26f60 JavaThread "Cancel handler" [_thread_blocked, id=10728, stack(0x000000d0f1700000,0x000000d0f1800000)]
  0x00000230cbc264c0 JavaThread "Daemon worker" [_thread_in_vm, id=9360, stack(0x000000d0f1800000,0x000000d0f1900000)]
  0x00000230cbc27a00 JavaThread "Asynchronous log dispatcher for DefaultDaemonConnection: socket connection from /127.0.0.1:58611 to /127.0.0.1:58612" [_thread_blocked, id=14592, stack(0x000000d0f1900000,0x000000d0f1a00000)]
  0x00000230cbc274b0 JavaThread "Stdin handler" [_thread_blocked, id=2556, stack(0x000000d0f1a00000,0x000000d0f1b00000)]
  0x00000230cbc27f50 JavaThread "Daemon client event forwarder" [_thread_blocked, id=20392, stack(0x000000d0f1b00000,0x000000d0f1c00000)]
  0x00000230cbc284a0 JavaThread "Cache worker for journal cache (C:\Users\DELL\.gradle\caches\journal-1)" [_thread_blocked, id=18232, stack(0x000000d0f1c00000,0x000000d0f1d00000)]
  0x00000230cbc28f40 JavaThread "File lock request listener" [_thread_in_native, id=19112, stack(0x000000d0f1d00000,0x000000d0f1e00000)]
  0x00000230cbc29490 JavaThread "Cache worker for file hash cache (C:\Users\DELL\.gradle\caches\8.6\fileHashes)" [_thread_blocked, id=6652, stack(0x000000d0f0d00000,0x000000d0f0e00000)]
  0x00000230cbc289f0 JavaThread "File watcher server" daemon [_thread_in_native, id=12476, stack(0x000000d0f2700000,0x000000d0f2800000)]
  0x00000230cbc299e0 JavaThread "File watcher consumer" daemon [_thread_blocked, id=14996, stack(0x000000d0f2800000,0x000000d0f2900000)]
  0x00000230cdc0a800 JavaThread "Cache worker for checksums cache (E:\prm\PRM392\.gradle\8.6\checksums)" [_thread_blocked, id=2064, stack(0x000000d0f2300000,0x000000d0f2400000)]
  0x00000230cdc092c0 JavaThread "Cache worker for file hash cache (E:\prm\PRM392\.gradle\8.6\fileHashes)" [_thread_blocked, id=3608, stack(0x000000d0f2400000,0x000000d0f2500000)]
  0x00000230cdc09810 JavaThread "Cache worker for cache directory md-supplier (C:\Users\DELL\.gradle\caches\8.6\md-supplier)" [_thread_blocked, id=15680, stack(0x000000d0f2900000,0x000000d0f2a00000)]
  0x00000230cdc08820 JavaThread "Cache worker for cache directory md-rule (C:\Users\DELL\.gradle\caches\8.6\md-rule)" [_thread_blocked, id=9764, stack(0x000000d0f2a00000,0x000000d0f2b00000)]
  0x00000230cdc0bd40 JavaThread "Cache worker for file content cache (C:\Users\DELL\.gradle\caches\8.6\fileContent)" [_thread_blocked, id=20240, stack(0x000000d0f2b00000,0x000000d0f2c00000)]
  0x00000230cdc09d60 JavaThread "jar transforms" [_thread_blocked, id=17056, stack(0x000000d0f2c00000,0x000000d0f2d00000)]
=>0x00000230cabe7c30 JavaThread "C2 CompilerThread1" daemon [_thread_in_native, id=19928, stack(0x000000d0f2d00000,0x000000d0f2e00000)]
  0x00000230cdc0b7f0 JavaThread "jar transforms Thread 2" [_thread_blocked, id=5964, stack(0x000000d0f2e00000,0x000000d0f2f00000)]
  0x00000230cabe76a0 JavaThread "C2 CompilerThread2" daemon [_thread_in_native, id=13164, stack(0x000000d0f2f00000,0x000000d0f3000000)]

Other Threads:
  0x00000230c59e7a30 VMThread "VM Thread" [stack: 0x000000d0f0100000,0x000000d0f0200000] [id=16812]
  0x00000230a8bb6090 WatcherThread "VM Periodic Task Thread" [stack: 0x000000d0f0c00000,0x000000d0f0d00000] [id=18688]
  0x00000230a8c14130 WorkerThread "GC Thread#0" [stack: 0x000000d0efc00000,0x000000d0efd00000] [id=9796]
  0x00000230ca574e70 WorkerThread "GC Thread#1" [stack: 0x000000d0f0e00000,0x000000d0f0f00000] [id=10140]
  0x00000230ca5756e0 WorkerThread "GC Thread#2" [stack: 0x000000d0f0f00000,0x000000d0f1000000] [id=7380]
  0x00000230ca575410 WorkerThread "GC Thread#3" [stack: 0x000000d0f1000000,0x000000d0f1100000] [id=11656]
  0x00000230ca5759b0 WorkerThread "GC Thread#4" [stack: 0x000000d0f1100000,0x000000d0f1200000] [id=9992]
  0x00000230ca576a90 WorkerThread "GC Thread#5" [stack: 0x000000d0f1e00000,0x000000d0f1f00000] [id=17112]
  0x00000230cc20e260 WorkerThread "GC Thread#6" [stack: 0x000000d0f1f00000,0x000000d0f2000000] [id=18456]
  0x00000230cc20c640 WorkerThread "GC Thread#7" [stack: 0x000000d0f2000000,0x000000d0f2100000] [id=1816]
  0x00000230cc20e530 WorkerThread "GC Thread#8" [stack: 0x000000d0f2100000,0x000000d0f2200000] [id=19312]
  0x00000230cc20bb00 WorkerThread "GC Thread#9" [stack: 0x000000d0f2200000,0x000000d0f2300000] [id=3224]
  0x00000230a8c25040 ConcurrentGCThread "G1 Main Marker" [stack: 0x000000d0efd00000,0x000000d0efe00000] [id=5932]
  0x00000230a8c25c10 WorkerThread "G1 Conc#0" [stack: 0x000000d0efe00000,0x000000d0eff00000] [id=2316]
  0x00000230cc20ead0 WorkerThread "G1 Conc#1" [stack: 0x000000d0f2500000,0x000000d0f2600000] [id=2500]
  0x00000230cc20d450 WorkerThread "G1 Conc#2" [stack: 0x000000d0f2600000,0x000000d0f2700000] [id=18516]
  0x00000230a8c6e6b0 ConcurrentGCThread "G1 Refine#0" [stack: 0x000000d0eff00000,0x000000d0f0000000] [id=11976]
  0x00000230c58a73b0 ConcurrentGCThread "G1 Service" [stack: 0x000000d0f0000000,0x000000d0f0100000] [id=11508]

Threads with active compile tasks:
C2 CompilerThread0     6868 4051       4       java.util.regex.Pattern::split (288 bytes)
C2 CompilerThread1     6868 4046       4       jdk.internal.jimage.ImageLocation::getFullName (109 bytes)
C2 CompilerThread2     6868 4047       4       java.util.regex.Pattern::compile (537 bytes)

VM state: not at safepoint (normal execution)

VM Mutex/Monitor currently owned by a thread: None

Heap address: 0x0000000080000000, size: 2048 MB, Compressed Oops mode: 32-bit

CDS archive(s) mapped at: [0x0000000800000000-0x0000000800c60000-0x0000000800c60000), size 12976128, SharedBaseAddress: 0x0000000800000000, ArchiveRelocationMode: 0.
Compressed class space mapped at: 0x0000000801000000-0x0000000841000000, reserved size: 1073741824
Narrow klass base: 0x0000000800000000, Narrow klass shift: 0, Narrow klass range: 0x100000000

GC Precious Log:
 CardTable entry size: 512
 Card Set container configuration: InlinePtr #cards 5 size 8 Array Of Cards #cards 12 size 40 Howl #buckets 4 coarsen threshold 1843 Howl Bitmap #cards 512 size 80 coarsen threshold 460 Card regions per heap region 1 cards per card region 2048
 CPUs: 12 total, 12 available
 Memory: 7528M
 Large Page Support: Disabled
 NUMA Support: Disabled
 Compressed Oops: Enabled (32-bit)
 Heap Region Size: 1M
 Heap Min Capacity: 8M
 Heap Initial Capacity: 118M
 Heap Max Capacity: 2G
 Pre-touch: Disabled
 Parallel Workers: 10
 Concurrent Workers: 3
 Concurrent Refinement Workers: 10
 Periodic GC: Disabled

Heap:
 garbage-first heap   total 92160K, used 48070K [0x0000000080000000, 0x0000000100000000)
  region size 1024K, 25 young (25600K), 7 survivors (7168K)
 Metaspace       used 34935K, committed 36160K, reserved 1114112K
  class space    used 4977K, committed 5568K, reserved 1048576K

Heap Regions: E=young(eden), S=young(survivor), O=old, HS=humongous(starts), HC=humongous(continues), CS=collection set, F=free, OA=open archive, CA=closed archive, TAMS=top-at-mark-start, PB=parsable bottom
|   0|0x0000000080000000, 0x0000000080100000, 0x0000000080100000|100%|HS|  |TAMS 0x0000000080000000| PB 0x0000000080000000| Complete 
|   1|0x0000000080100000, 0x0000000080200000, 0x0000000080200000|100%|HC|  |TAMS 0x0000000080100000| PB 0x0000000080100000| Complete 
|   2|0x0000000080200000, 0x0000000080300000, 0x0000000080300000|100%|HC|  |TAMS 0x0000000080200000| PB 0x0000000080200000| Complete 
|   3|0x0000000080300000, 0x0000000080400000, 0x0000000080400000|100%|HC|  |TAMS 0x0000000080300000| PB 0x0000000080300000| Complete 
|   4|0x0000000080400000, 0x0000000080500000, 0x0000000080500000|100%| O|  |TAMS 0x0000000080400000| PB 0x0000000080400000| Untracked 
|   5|0x0000000080500000, 0x0000000080600000, 0x0000000080600000|100%| O|  |TAMS 0x0000000080500000| PB 0x0000000080500000| Untracked 
|   6|0x0000000080600000, 0x0000000080700000, 0x0000000080700000|100%| O|  |TAMS 0x0000000080600000| PB 0x0000000080600000| Untracked 
|   7|0x0000000080700000, 0x0000000080800000, 0x0000000080800000|100%| O|  |TAMS 0x0000000080700000| PB 0x0000000080700000| Untracked 
|   8|0x0000000080800000, 0x0000000080900000, 0x0000000080900000|100%| O|  |TAMS 0x0000000080800000| PB 0x0000000080800000| Untracked 
|   9|0x0000000080900000, 0x0000000080a00000, 0x0000000080a00000|100%| O|  |TAMS 0x0000000080900000| PB 0x0000000080900000| Untracked 
|  10|0x0000000080a00000, 0x0000000080a00000, 0x0000000080b00000|  0%| F|  |TAMS 0x0000000080a00000| PB 0x0000000080a00000| Untracked 
|  11|0x0000000080b00000, 0x0000000080c00000, 0x0000000080c00000|100%| O|  |TAMS 0x0000000080b00000| PB 0x0000000080b00000| Untracked 
|  12|0x0000000080c00000, 0x0000000080d00000, 0x0000000080d00000|100%| O|  |TAMS 0x0000000080c00000| PB 0x0000000080c00000| Untracked 
|  13|0x0000000080d00000, 0x0000000080e00000, 0x0000000080e00000|100%| O|  |TAMS 0x0000000080d00000| PB 0x0000000080d00000| Untracked 
|  14|0x0000000080e00000, 0x0000000080f00000, 0x0000000080f00000|100%| O|  |TAMS 0x0000000080e00000| PB 0x0000000080e00000| Untracked 
|  15|0x0000000080f00000, 0x0000000081000000, 0x0000000081000000|100%| O|  |TAMS 0x0000000080f00000| PB 0x0000000080f00000| Untracked 
|  16|0x0000000081000000, 0x0000000081100000, 0x0000000081100000|100%| O|  |TAMS 0x0000000081000000| PB 0x0000000081000000| Untracked 
|  17|0x0000000081100000, 0x0000000081200000, 0x0000000081200000|100%| O|  |TAMS 0x0000000081100000| PB 0x0000000081100000| Untracked 
|  18|0x0000000081200000, 0x0000000081300000, 0x0000000081300000|100%| O|  |TAMS 0x0000000081200000| PB 0x0000000081200000| Untracked 
|  19|0x0000000081300000, 0x0000000081400000, 0x0000000081400000|100%| O|  |TAMS 0x0000000081300000| PB 0x0000000081300000| Untracked 
|  20|0x0000000081400000, 0x0000000081500000, 0x0000000081500000|100%| O|  |TAMS 0x0000000081400000| PB 0x0000000081400000| Untracked 
|  21|0x0000000081500000, 0x0000000081600000, 0x0000000081600000|100%| O|  |TAMS 0x0000000081500000| PB 0x0000000081500000| Untracked 
|  22|0x0000000081600000, 0x0000000081700000, 0x0000000081700000|100%| O|  |TAMS 0x0000000081600000| PB 0x0000000081600000| Untracked 
|  23|0x0000000081700000, 0x00000000817f1a00, 0x0000000081800000| 94%| O|  |TAMS 0x0000000081700000| PB 0x0000000081700000| Untracked 
|  24|0x0000000081800000, 0x0000000081800000, 0x0000000081900000|  0%| F|  |TAMS 0x0000000081800000| PB 0x0000000081800000| Untracked 
|  25|0x0000000081900000, 0x0000000081900000, 0x0000000081a00000|  0%| F|  |TAMS 0x0000000081900000| PB 0x0000000081900000| Untracked 
|  26|0x0000000081a00000, 0x0000000081a00000, 0x0000000081b00000|  0%| F|  |TAMS 0x0000000081a00000| PB 0x0000000081a00000| Untracked 
|  27|0x0000000081b00000, 0x0000000081b00000, 0x0000000081c00000|  0%| F|  |TAMS 0x0000000081b00000| PB 0x0000000081b00000| Untracked 
|  28|0x0000000081c00000, 0x0000000081c00000, 0x0000000081d00000|  0%| F|  |TAMS 0x0000000081c00000| PB 0x0000000081c00000| Untracked 
|  29|0x0000000081d00000, 0x0000000081d00000, 0x0000000081e00000|  0%| F|  |TAMS 0x0000000081d00000| PB 0x0000000081d00000| Untracked 
|  30|0x0000000081e00000, 0x0000000081e00000, 0x0000000081f00000|  0%| F|  |TAMS 0x0000000081e00000| PB 0x0000000081e00000| Untracked 
|  31|0x0000000081f00000, 0x0000000081f00000, 0x0000000082000000|  0%| F|  |TAMS 0x0000000081f00000| PB 0x0000000081f00000| Untracked 
|  32|0x0000000082000000, 0x0000000082000000, 0x0000000082100000|  0%| F|  |TAMS 0x0000000082000000| PB 0x0000000082000000| Untracked 
|  33|0x0000000082100000, 0x0000000082100000, 0x0000000082200000|  0%| F|  |TAMS 0x0000000082100000| PB 0x0000000082100000| Untracked 
|  34|0x0000000082200000, 0x0000000082200000, 0x0000000082300000|  0%| F|  |TAMS 0x0000000082200000| PB 0x0000000082200000| Untracked 
|  35|0x0000000082300000, 0x0000000082300000, 0x0000000082400000|  0%| F|  |TAMS 0x0000000082300000| PB 0x0000000082300000| Untracked 
|  36|0x0000000082400000, 0x0000000082400000, 0x0000000082500000|  0%| F|  |TAMS 0x0000000082400000| PB 0x0000000082400000| Untracked 
|  37|0x0000000082500000, 0x0000000082500000, 0x0000000082600000|  0%| F|  |TAMS 0x0000000082500000| PB 0x0000000082500000| Untracked 
|  38|0x0000000082600000, 0x0000000082600000, 0x0000000082700000|  0%| F|  |TAMS 0x0000000082600000| PB 0x0000000082600000| Untracked 
|  39|0x0000000082700000, 0x0000000082700000, 0x0000000082800000|  0%| F|  |TAMS 0x0000000082700000| PB 0x0000000082700000| Untracked 
|  40|0x0000000082800000, 0x0000000082800000, 0x0000000082900000|  0%| F|  |TAMS 0x0000000082800000| PB 0x0000000082800000| Untracked 
|  41|0x0000000082900000, 0x0000000082900000, 0x0000000082a00000|  0%| F|  |TAMS 0x0000000082900000| PB 0x0000000082900000| Untracked 
|  42|0x0000000082a00000, 0x0000000082a00000, 0x0000000082b00000|  0%| F|  |TAMS 0x0000000082a00000| PB 0x0000000082a00000| Untracked 
|  43|0x0000000082b00000, 0x0000000082b00000, 0x0000000082c00000|  0%| F|  |TAMS 0x0000000082b00000| PB 0x0000000082b00000| Untracked 
|  44|0x0000000082c00000, 0x0000000082c00000, 0x0000000082d00000|  0%| F|  |TAMS 0x0000000082c00000| PB 0x0000000082c00000| Untracked 
|  45|0x0000000082d00000, 0x0000000082d00000, 0x0000000082e00000|  0%| F|  |TAMS 0x0000000082d00000| PB 0x0000000082d00000| Untracked 
|  46|0x0000000082e00000, 0x0000000082e00000, 0x0000000082f00000|  0%| F|  |TAMS 0x0000000082e00000| PB 0x0000000082e00000| Untracked 
|  47|0x0000000082f00000, 0x0000000082f00000, 0x0000000083000000|  0%| F|  |TAMS 0x0000000082f00000| PB 0x0000000082f00000| Untracked 
|  48|0x0000000083000000, 0x0000000083000000, 0x0000000083100000|  0%| F|  |TAMS 0x0000000083000000| PB 0x0000000083000000| Untracked 
|  49|0x0000000083100000, 0x0000000083100000, 0x0000000083200000|  0%| F|  |TAMS 0x0000000083100000| PB 0x0000000083100000| Untracked 
|  50|0x0000000083200000, 0x0000000083300000, 0x0000000083300000|100%| S|CS|TAMS 0x0000000083200000| PB 0x0000000083200000| Complete 
|  51|0x0000000083300000, 0x0000000083400000, 0x0000000083400000|100%| S|CS|TAMS 0x0000000083300000| PB 0x0000000083300000| Complete 
|  52|0x0000000083400000, 0x0000000083500000, 0x0000000083500000|100%| S|CS|TAMS 0x0000000083400000| PB 0x0000000083400000| Complete 
|  53|0x0000000083500000, 0x0000000083600000, 0x0000000083600000|100%| S|CS|TAMS 0x0000000083500000| PB 0x0000000083500000| Complete 
|  54|0x0000000083600000, 0x0000000083700000, 0x0000000083700000|100%| S|CS|TAMS 0x0000000083600000| PB 0x0000000083600000| Complete 
|  55|0x0000000083700000, 0x0000000083800000, 0x0000000083800000|100%| S|CS|TAMS 0x0000000083700000| PB 0x0000000083700000| Complete 
|  56|0x0000000083800000, 0x0000000083900000, 0x0000000083900000|100%| S|CS|TAMS 0x0000000083800000| PB 0x0000000083800000| Complete 
|  57|0x0000000083900000, 0x0000000083900000, 0x0000000083a00000|  0%| F|  |TAMS 0x0000000083900000| PB 0x0000000083900000| Untracked 
|  58|0x0000000083a00000, 0x0000000083a00000, 0x0000000083b00000|  0%| F|  |TAMS 0x0000000083a00000| PB 0x0000000083a00000| Untracked 
|  59|0x0000000083b00000, 0x0000000083b00000, 0x0000000083c00000|  0%| F|  |TAMS 0x0000000083b00000| PB 0x0000000083b00000| Untracked 
|  60|0x0000000083c00000, 0x0000000083c00000, 0x0000000083d00000|  0%| F|  |TAMS 0x0000000083c00000| PB 0x0000000083c00000| Untracked 
|  61|0x0000000083d00000, 0x0000000083d00000, 0x0000000083e00000|  0%| F|  |TAMS 0x0000000083d00000| PB 0x0000000083d00000| Untracked 
|  62|0x0000000083e00000, 0x0000000083e00000, 0x0000000083f00000|  0%| F|  |TAMS 0x0000000083e00000| PB 0x0000000083e00000| Untracked 
|  63|0x0000000083f00000, 0x0000000083f00000, 0x0000000084000000|  0%| F|  |TAMS 0x0000000083f00000| PB 0x0000000083f00000| Untracked 
|  64|0x0000000084000000, 0x0000000084000000, 0x0000000084100000|  0%| F|  |TAMS 0x0000000084000000| PB 0x0000000084000000| Untracked 
|  65|0x0000000084100000, 0x0000000084100000, 0x0000000084200000|  0%| F|  |TAMS 0x0000000084100000| PB 0x0000000084100000| Untracked 
|  66|0x0000000084200000, 0x0000000084200000, 0x0000000084300000|  0%| F|  |TAMS 0x0000000084200000| PB 0x0000000084200000| Untracked 
|  67|0x0000000084300000, 0x0000000084300000, 0x0000000084400000|  0%| F|  |TAMS 0x0000000084300000| PB 0x0000000084300000| Untracked 
|  68|0x0000000084400000, 0x0000000084400000, 0x0000000084500000|  0%| F|  |TAMS 0x0000000084400000| PB 0x0000000084400000| Untracked 
|  69|0x0000000084500000, 0x0000000084500000, 0x0000000084600000|  0%| F|  |TAMS 0x0000000084500000| PB 0x0000000084500000| Untracked 
|  70|0x0000000084600000, 0x0000000084600000, 0x0000000084700000|  0%| F|  |TAMS 0x0000000084600000| PB 0x0000000084600000| Untracked 
|  71|0x0000000084700000, 0x0000000084700000, 0x0000000084800000|  0%| F|  |TAMS 0x0000000084700000| PB 0x0000000084700000| Untracked 
|  72|0x0000000084800000, 0x0000000084880800, 0x0000000084900000| 50%| E|  |TAMS 0x0000000084800000| PB 0x0000000084800000| Complete 
|  73|0x0000000084900000, 0x0000000084a00000, 0x0000000084a00000|100%| E|CS|TAMS 0x0000000084900000| PB 0x0000000084900000| Complete 
|  74|0x0000000084a00000, 0x0000000084b00000, 0x0000000084b00000|100%| E|CS|TAMS 0x0000000084a00000| PB 0x0000000084a00000| Complete 
|  75|0x0000000084b00000, 0x0000000084c00000, 0x0000000084c00000|100%| E|CS|TAMS 0x0000000084b00000| PB 0x0000000084b00000| Complete 
|  76|0x0000000084c00000, 0x0000000084d00000, 0x0000000084d00000|100%| E|CS|TAMS 0x0000000084c00000| PB 0x0000000084c00000| Complete 
|  77|0x0000000084d00000, 0x0000000084e00000, 0x0000000084e00000|100%| E|CS|TAMS 0x0000000084d00000| PB 0x0000000084d00000| Complete 
|  78|0x0000000084e00000, 0x0000000084f00000, 0x0000000084f00000|100%| E|CS|TAMS 0x0000000084e00000| PB 0x0000000084e00000| Complete 
|  79|0x0000000084f00000, 0x0000000085000000, 0x0000000085000000|100%| E|CS|TAMS 0x0000000084f00000| PB 0x0000000084f00000| Complete 
|  80|0x0000000085000000, 0x0000000085100000, 0x0000000085100000|100%| E|CS|TAMS 0x0000000085000000| PB 0x0000000085000000| Complete 
|  81|0x0000000085100000, 0x0000000085200000, 0x0000000085200000|100%| E|CS|TAMS 0x0000000085100000| PB 0x0000000085100000| Complete 
|  82|0x0000000085200000, 0x0000000085300000, 0x0000000085300000|100%| E|CS|TAMS 0x0000000085200000| PB 0x0000000085200000| Complete 
|  83|0x0000000085300000, 0x0000000085400000, 0x0000000085400000|100%| E|CS|TAMS 0x0000000085300000| PB 0x0000000085300000| Complete 
|  84|0x0000000085400000, 0x0000000085500000, 0x0000000085500000|100%| E|CS|TAMS 0x0000000085400000| PB 0x0000000085400000| Complete 
|  85|0x0000000085500000, 0x0000000085600000, 0x0000000085600000|100%| E|CS|TAMS 0x0000000085500000| PB 0x0000000085500000| Complete 
|  86|0x0000000085600000, 0x0000000085700000, 0x0000000085700000|100%| E|CS|TAMS 0x0000000085600000| PB 0x0000000085600000| Complete 
|  87|0x0000000085700000, 0x0000000085800000, 0x0000000085800000|100%| E|CS|TAMS 0x0000000085700000| PB 0x0000000085700000| Complete 
|  88|0x0000000085800000, 0x0000000085900000, 0x0000000085900000|100%| E|CS|TAMS 0x0000000085800000| PB 0x0000000085800000| Complete 
| 117|0x0000000087500000, 0x0000000087600000, 0x0000000087600000|100%| E|CS|TAMS 0x0000000087500000| PB 0x0000000087500000| Complete 

Card table byte_map: [0x00000230c05b0000,0x00000230c09b0000] _byte_map_base: 0x00000230c01b0000

Marking Bits: (CMBitMap*) 0x00000230a8c14760
 Bits: [0x00000230c0db0000, 0x00000230c2db0000)

Polling page: 0x00000230a6af0000

Metaspace:

Usage:
  Non-class:     29.26 MB used.
      Class:      4.86 MB used.
       Both:     34.12 MB used.

Virtual space:
  Non-class space:       64.00 MB reserved,      29.88 MB ( 47%) committed,  1 nodes.
      Class space:        1.00 GB reserved,       5.44 MB ( <1%) committed,  1 nodes.
             Both:        1.06 GB reserved,      35.31 MB (  3%) committed. 

Chunk freelists:
   Non-Class:  1.77 MB
       Class:  2.50 MB
        Both:  4.27 MB

MaxMetaspaceSize: unlimited
CompressedClassSpaceSize: 1.00 GB
Initial GC threshold: 21.00 MB
Current GC threshold: 35.44 MB
CDS: on
MetaspaceReclaimPolicy: balanced
 - commit_granule_bytes: 65536.
 - commit_granule_words: 8192.
 - virtual_space_node_default_size: 8388608.
 - enlarge_chunks_in_place: 1.
 - new_chunks_are_fully_committed: 0.
 - uncommit_free_chunks: 1.
 - use_allocation_guard: 0.


Internal statistics:

num_allocs_failed_limit: 6.
num_arena_births: 2036.
num_arena_deaths: 0.
num_vsnodes_births: 2.
num_vsnodes_deaths: 0.
num_space_committed: 565.
num_space_uncommitted: 0.
num_chunks_returned_to_freelist: 6.
num_chunks_taken_from_freelist: 3489.
num_chunk_merges: 3.
num_chunk_splits: 2287.
num_chunks_enlarged: 1444.
num_inconsistent_stats: 0.

CodeHeap 'non-profiled nmethods': size=120000Kb used=2132Kb max_used=2132Kb free=117867Kb
 bounds [0x00000230b8730000, 0x00000230b89a0000, 0x00000230bfc60000]
CodeHeap 'profiled nmethods': size=120000Kb used=8257Kb max_used=8257Kb free=111742Kb
 bounds [0x00000230b0c60000, 0x00000230b1480000, 0x00000230b8190000]
CodeHeap 'non-nmethods': size=5760Kb used=1958Kb max_used=1987Kb free=3801Kb
 bounds [0x00000230b8190000, 0x00000230b8400000, 0x00000230b8730000]
 total_blobs=4808 nmethods=4135 adapters=582
 compilation: enabled
              stopped_count=0, restarted_count=0
 full_count=0

Compilation events (20 events):
Event: 6.811 Thread 0x00000230c5a34d10 4076       3       org.codehaus.groovy.vmplugin.v9.Java9$$Lambda$559/0x0000000801558fd8::test (12 bytes)
Event: 6.811 Thread 0x00000230c5a34d10 nmethod 4076 0x00000230b143fa90 code [0x00000230b143fc40, 0x00000230b143ff68]
Event: 6.811 Thread 0x00000230c5a34d10 4082       3       org.codehaus.groovy.vmplugin.v9.Java9::lambda$doFindClasses$1 (8 bytes)
Event: 6.811 Thread 0x00000230c5a34d10 nmethod 4082 0x00000230b1440090 code [0x00000230b1440220, 0x00000230b14403d0]
Event: 6.811 Thread 0x00000230c5a34d10 4077       3       java.util.stream.Collectors$$Lambda$556/0x000000080147fda0::accept (17 bytes)
Event: 6.811 Thread 0x00000230c5a34d10 nmethod 4077 0x00000230b1440490 code [0x00000230b1440620, 0x00000230b1440878]
Event: 6.811 Thread 0x00000230c5a34d10 4083       3       java.util.stream.Collectors::lambda$uniqKeysMapAccumulator$1 (49 bytes)
Event: 6.812 Thread 0x00000230c5a34d10 nmethod 4083 0x00000230b1440910 code [0x00000230b1440b00, 0x00000230b1441040]
Event: 6.812 Thread 0x00000230c5a34d10 4085       3       org.codehaus.groovy.vmplugin.v9.Java9$$Lambda$553/0x0000000801558928::apply (10 bytes)
Event: 6.812 Thread 0x00000230c5a34d10 nmethod 4085 0x00000230b1441290 code [0x00000230b1441440, 0x00000230b1441720]
Event: 6.812 Thread 0x00000230c5a34d10 4086       3       org.codehaus.groovy.vmplugin.v9.Java9$$Lambda$554/0x0000000801558b58::apply (12 bytes)
Event: 6.812 Thread 0x00000230c5a34d10 nmethod 4086 0x00000230b1441810 code [0x00000230b14419a0, 0x00000230b1441be0]
Event: 6.812 Thread 0x00000230c5a34d10 4087       3       org.codehaus.groovy.vmplugin.v9.Java9::lambda$doFindClasses$3 (47 bytes)
Event: 6.812 Thread 0x00000230c5a34d10 nmethod 4087 0x00000230b1441c90 code [0x00000230b1441f20, 0x00000230b1442ca0]
Event: 6.812 Thread 0x00000230c5a34d10 4089       3       org.codehaus.groovy.vmplugin.v9.Java9$$Lambda$560/0x0000000801559220::apply (8 bytes)
Event: 6.813 Thread 0x00000230c5a34d10 nmethod 4089 0x00000230b1443110 code [0x00000230b1443320, 0x00000230b14439a0]
Event: 6.813 Thread 0x00000230c5a34d10 4088       3       org.codehaus.groovy.vmplugin.v9.Java9$$Lambda$559/0x0000000801558fd8::<init> (10 bytes)
Event: 6.813 Thread 0x00000230c5a34d10 nmethod 4088 0x00000230b1443c10 code [0x00000230b1443da0, 0x00000230b1443f58]
Event: 6.813 Thread 0x00000230c5a34d10 4090       3       org.codehaus.groovy.vmplugin.v9.Java9::lambda$doFindClasses$2 (28 bytes)
Event: 6.813 Thread 0x00000230c5a34d10 nmethod 4090 0x00000230b1444010 code [0x00000230b1444200, 0x00000230b14446e0]

GC Heap History (12 events):
Event: 1.008 GC heap before
{Heap before GC invocations=0 (full 0):
 garbage-first heap   total 120832K, used 26624K [0x0000000080000000, 0x0000000100000000)
  region size 1024K, 23 young (23552K), 0 survivors (0K)
 Metaspace       used 3155K, committed 3328K, reserved 1114112K
  class space    used 401K, committed 448K, reserved 1048576K
}
Event: 1.020 GC heap after
{Heap after GC invocations=1 (full 0):
 garbage-first heap   total 120832K, used 10720K [0x0000000080000000, 0x0000000100000000)
  region size 1024K, 3 young (3072K), 3 survivors (3072K)
 Metaspace       used 3155K, committed 3328K, reserved 1114112K
  class space    used 401K, committed 448K, reserved 1048576K
}
Event: 1.587 GC heap before
{Heap before GC invocations=1 (full 0):
 garbage-first heap   total 120832K, used 38368K [0x0000000080000000, 0x0000000100000000)
  region size 1024K, 31 young (31744K), 3 survivors (3072K)
 Metaspace       used 4058K, committed 4224K, reserved 1114112K
  class space    used 492K, committed 576K, reserved 1048576K
}
Event: 1.592 GC heap after
{Heap after GC invocations=2 (full 0):
 garbage-first heap   total 120832K, used 11328K [0x0000000080000000, 0x0000000100000000)
  region size 1024K, 1 young (1024K), 1 survivors (1024K)
 Metaspace       used 4058K, committed 4224K, reserved 1114112K
  class space    used 492K, committed 576K, reserved 1048576K
}
Event: 3.737 GC heap before
{Heap before GC invocations=2 (full 0):
 garbage-first heap   total 120832K, used 81984K [0x0000000080000000, 0x0000000100000000)
  region size 1024K, 70 young (71680K), 1 survivors (1024K)
 Metaspace       used 15680K, committed 16256K, reserved 1114112K
  class space    used 2164K, committed 2432K, reserved 1048576K
}
Event: 3.746 GC heap after
{Heap after GC invocations=3 (full 0):
 garbage-first heap   total 120832K, used 20063K [0x0000000080000000, 0x0000000100000000)
  region size 1024K, 9 young (9216K), 9 survivors (9216K)
 Metaspace       used 15680K, committed 16256K, reserved 1114112K
  class space    used 2164K, committed 2432K, reserved 1048576K
}
Event: 4.856 GC heap before
{Heap before GC invocations=3 (full 0):
 garbage-first heap   total 120832K, used 57951K [0x0000000080000000, 0x0000000100000000)
  region size 1024K, 47 young (48128K), 9 survivors (9216K)
 Metaspace       used 20871K, committed 21504K, reserved 1114112K
  class space    used 3028K, committed 3328K, reserved 1048576K
}
Event: 4.866 GC heap after
{Heap after GC invocations=4 (full 0):
 garbage-first heap   total 120832K, used 23652K [0x0000000080000000, 0x0000000100000000)
  region size 1024K, 4 young (4096K), 4 survivors (4096K)
 Metaspace       used 20871K, committed 21504K, reserved 1114112K
  class space    used 3028K, committed 3328K, reserved 1048576K
}
Event: 6.270 GC heap before
{Heap before GC invocations=5 (full 0):
 garbage-first heap   total 86016K, used 85092K [0x0000000080000000, 0x0000000100000000)
  region size 1024K, 64 young (65536K), 4 survivors (4096K)
 Metaspace       used 29184K, committed 30400K, reserved 1114112K
  class space    used 4392K, committed 4992K, reserved 1048576K
}
Event: 6.277 GC heap after
{Heap after GC invocations=6 (full 0):
 garbage-first heap   total 92160K, used 26624K [0x0000000080000000, 0x0000000100000000)
  region size 1024K, 6 young (6144K), 6 survivors (6144K)
 Metaspace       used 29184K, committed 30400K, reserved 1114112K
  class space    used 4392K, committed 4992K, reserved 1048576K
}
Event: 6.765 GC heap before
{Heap before GC invocations=6 (full 0):
 garbage-first heap   total 92160K, used 52224K [0x0000000080000000, 0x0000000100000000)
  region size 1024K, 33 young (33792K), 6 survivors (6144K)
 Metaspace       used 34789K, committed 35968K, reserved 1114112K
  class space    used 4970K, committed 5568K, reserved 1048576K
}
Event: 6.774 GC heap after
{Heap after GC invocations=7 (full 0):
 garbage-first heap   total 92160K, used 30662K [0x0000000080000000, 0x0000000100000000)
  region size 1024K, 7 young (7168K), 7 survivors (7168K)
 Metaspace       used 34789K, committed 35968K, reserved 1114112K
  class space    used 4970K, committed 5568K, reserved 1048576K
}

Dll operation events (15 events):
Event: 0.016 Loaded shared library C:\Program Files\Java\jdk-20\bin\java.dll
Event: 0.025 Loaded shared library C:\Program Files\Java\jdk-20\bin\jsvml.dll
Event: 0.172 Loaded shared library C:\Program Files\Java\jdk-20\bin\zip.dll
Event: 0.179 Loaded shared library C:\Program Files\Java\jdk-20\bin\instrument.dll
Event: 0.210 Loaded shared library C:\Program Files\Java\jdk-20\bin\net.dll
Event: 0.214 Loaded shared library C:\Program Files\Java\jdk-20\bin\nio.dll
Event: 0.234 Loaded shared library C:\Program Files\Java\jdk-20\bin\zip.dll
Event: 0.515 Loaded shared library C:\Program Files\Java\jdk-20\bin\jimage.dll
Event: 0.614 Loaded shared library C:\Program Files\Java\jdk-20\bin\verify.dll
Event: 0.841 Loaded shared library C:\Users\DELL\.gradle\native\c067742578af261105cb4f569cf0c3c89f3d7b1fecec35dd04571415982c5e48\windows-amd64\native-platform.dll
Event: 0.859 Loaded shared library C:\Users\DELL\.gradle\native\38dada09dfb8b06ba9b0570ebf7e218e3eb74d4ef43ca46872605cf95ebc2f47\windows-amd64\native-platform-file-events.dll
Event: 1.943 Loaded shared library C:\Program Files\Java\jdk-20\bin\management.dll
Event: 1.951 Loaded shared library C:\Program Files\Java\jdk-20\bin\management_ext.dll
Event: 2.303 Loaded shared library C:\Program Files\Java\jdk-20\bin\extnet.dll
Event: 2.653 Loaded shared library C:\Program Files\Java\jdk-20\bin\sunmscapi.dll

Deoptimization events (20 events):
Event: 6.678 Thread 0x00000230cbc264c0 Uncommon trap: trap_request=0xffffffc6 fr.pc=0x00000230b88b6938 relative=0x00000000000032f8
Event: 6.678 Thread 0x00000230cbc264c0 Uncommon trap: reason=bimorphic_or_optimized_type_check action=maybe_recompile pc=0x00000230b88b6938 method=java.net.URL.<init>(Ljava/net/URL;Ljava/lang/String;Ljava/net/URLStreamHandler;)V @ 504 c2
Event: 6.678 Thread 0x00000230cbc264c0 DEOPT PACKING pc=0x00000230b88b6938 sp=0x000000d0f18f7df0
Event: 6.678 Thread 0x00000230cbc264c0 DEOPT UNPACKING pc=0x00000230b81f9d22 sp=0x000000d0f18f7d70 mode 2
Event: 6.737 Thread 0x00000230cbc264c0 Uncommon trap: trap_request=0xffffffc6 fr.pc=0x00000230b89155c0 relative=0x0000000000000100
Event: 6.737 Thread 0x00000230cbc264c0 Uncommon trap: reason=bimorphic_or_optimized_type_check action=maybe_recompile pc=0x00000230b89155c0 method=java.util.stream.MatchOps$1MatchSink.accept(Ljava/lang/Object;)V @ 12 c2
Event: 6.737 Thread 0x00000230cbc264c0 DEOPT PACKING pc=0x00000230b89155c0 sp=0x000000d0f18f80e0
Event: 6.737 Thread 0x00000230cbc264c0 DEOPT UNPACKING pc=0x00000230b81f9d22 sp=0x000000d0f18f8078 mode 2
Event: 6.737 Thread 0x00000230cbc264c0 Uncommon trap: trap_request=0xffffffc6 fr.pc=0x00000230b89155c0 relative=0x0000000000000100
Event: 6.737 Thread 0x00000230cbc264c0 Uncommon trap: reason=bimorphic_or_optimized_type_check action=maybe_recompile pc=0x00000230b89155c0 method=java.util.stream.MatchOps$1MatchSink.accept(Ljava/lang/Object;)V @ 12 c2
Event: 6.737 Thread 0x00000230cbc264c0 DEOPT PACKING pc=0x00000230b89155c0 sp=0x000000d0f18f80e0
Event: 6.737 Thread 0x00000230cbc264c0 DEOPT UNPACKING pc=0x00000230b81f9d22 sp=0x000000d0f18f8078 mode 2
Event: 6.737 Thread 0x00000230cbc264c0 Uncommon trap: trap_request=0xffffffc6 fr.pc=0x00000230b89155c0 relative=0x0000000000000100
Event: 6.737 Thread 0x00000230cbc264c0 Uncommon trap: reason=bimorphic_or_optimized_type_check action=maybe_recompile pc=0x00000230b89155c0 method=java.util.stream.MatchOps$1MatchSink.accept(Ljava/lang/Object;)V @ 12 c2
Event: 6.737 Thread 0x00000230cbc264c0 DEOPT PACKING pc=0x00000230b89155c0 sp=0x000000d0f18f80e0
Event: 6.737 Thread 0x00000230cbc264c0 DEOPT UNPACKING pc=0x00000230b81f9d22 sp=0x000000d0f18f8078 mode 2
Event: 6.737 Thread 0x00000230cbc264c0 Uncommon trap: trap_request=0xffffffc6 fr.pc=0x00000230b89155c0 relative=0x0000000000000100
Event: 6.737 Thread 0x00000230cbc264c0 Uncommon trap: reason=bimorphic_or_optimized_type_check action=maybe_recompile pc=0x00000230b89155c0 method=java.util.stream.MatchOps$1MatchSink.accept(Ljava/lang/Object;)V @ 12 c2
Event: 6.737 Thread 0x00000230cbc264c0 DEOPT PACKING pc=0x00000230b89155c0 sp=0x000000d0f18f80e0
Event: 6.737 Thread 0x00000230cbc264c0 DEOPT UNPACKING pc=0x00000230b81f9d22 sp=0x000000d0f18f8078 mode 2

Classes loaded (20 events):
Event: 6.746 Loading class jdk/internal/jimage/ImageReader$Directory
Event: 6.747 Loading class jdk/internal/jimage/ImageReader$Node
Event: 6.747 Loading class jdk/internal/jimage/ImageReader$Node done
Event: 6.747 Loading class jdk/internal/jimage/ImageReader$Directory done
Event: 6.747 Loading class jdk/internal/jrtfs/SystemImage$1
Event: 6.747 Loading class jdk/internal/jrtfs/SystemImage$1 done
Event: 6.747 Loading class jdk/internal/jimage/ImageReader$SharedImageReader$LocationVisitor
Event: 6.748 Loading class jdk/internal/jimage/ImageReader$SharedImageReader$LocationVisitor done
Event: 6.748 Loading class java/nio/ByteBufferAsIntBufferL
Event: 6.749 Loading class java/nio/ByteBufferAsIntBufferL done
Event: 6.749 Loading class jdk/internal/jrtfs/JrtFileAttributes
Event: 6.750 Loading class jdk/internal/jrtfs/JrtFileAttributes done
Event: 6.750 Loading class jdk/internal/jrtfs/JrtDirectoryStream
Event: 6.750 Loading class jdk/internal/jrtfs/JrtDirectoryStream done
Event: 6.751 Loading class jdk/internal/jrtfs/JrtDirectoryStream$1
Event: 6.752 Loading class jdk/internal/jrtfs/JrtDirectoryStream$1 done
Event: 6.752 Loading class java/util/function/BooleanSupplier
Event: 6.752 Loading class java/util/function/BooleanSupplier done
Event: 6.752 Loading class jdk/internal/jimage/ImageReader$Resource
Event: 6.752 Loading class jdk/internal/jimage/ImageReader$Resource done

Classes unloaded (0 events):
No events

Classes redefined (0 events):
No events

Internal exceptions (20 events):
Event: 6.161 Thread 0x00000230cbc264c0 Exception <a 'java/lang/NoSuchMethodError'{0x000000008198fcb0}: 'java.lang.Object java.lang.invoke.DirectMethodHandle$Holder.invokeSpecial(java.lang.Object, java.lang.Object, java.lang.Object, int, java.lang.Object)'> (0x000000008198fcb0) 
thrown [s\open\src\hotspot\share\interpreter\linkResolver.cpp, line 773]
Event: 6.182 Thread 0x00000230cbc284a0 Implicit null exception at 0x00000230b883f8a3 to 0x00000230b883fc88
Event: 6.233 Thread 0x00000230cbc264c0 Exception <a 'java/lang/NoSuchMethodError'{0x000000008154f700}: 'void java.lang.invoke.DirectMethodHandle$Holder.invokeInterface(java.lang.Object, java.lang.Object, java.lang.Object, java.lang.Object, java.lang.Object, java.lang.Object, java.lang.Object)'> (0x000000008154f700) 
thrown [s\open\src\hotspot\share\interpreter\linkResolver.cpp, line 773]
Event: 6.234 Thread 0x00000230cbc264c0 Exception <a 'java/lang/NoSuchMethodError'{0x0000000081554058}: 'void java.lang.invoke.DelegatingMethodHandle$Holder.reinvoke_L(java.lang.Object, java.lang.Object, java.lang.Object, java.lang.Object, java.lang.Object, java.lang.Object, java.lang.Object)'> (0x0000000081554058) 
thrown [s\open\src\hotspot\share\interpreter\linkResolver.cpp, line 773]
Event: 6.266 Thread 0x00000230cbc264c0 Exception <a 'java/lang/NoSuchMethodError'{0x00000000814afc60}: 'java.lang.Object java.lang.invoke.DirectMethodHandle$Holder.invokeSpecial(java.lang.Object, java.lang.Object, java.lang.Object, int, java.lang.Object, java.lang.Object)'> (0x00000000814afc60) 
thrown [s\open\src\hotspot\share\interpreter\linkResolver.cpp, line 773]
Event: 6.359 Thread 0x00000230cbc264c0 Implicit null exception at 0x00000230b883d674 to 0x00000230b883daec
Event: 6.359 Thread 0x00000230cbc264c0 Implicit null exception at 0x00000230b88bcad4 to 0x00000230b88bcdc4
Event: 6.359 Thread 0x00000230cbc264c0 Implicit null exception at 0x00000230b88b01cc to 0x00000230b88b09b0
Event: 6.359 Thread 0x00000230cbc264c0 Exception <a 'java/lang/NoSuchMethodError'{0x0000000084f3de08}: 'java.lang.reflect.Method[] java.lang.Class.getDeclaredMethods(java.lang.Class)'> (0x0000000084f3de08) 
thrown [s\open\src\hotspot\share\interpreter\linkResolver.cpp, line 773]
Event: 6.396 Thread 0x00000230cbc264c0 Exception <a 'java/lang/NoSuchMethodError'{0x0000000084ecaed0}: 'void java.lang.invoke.DirectMethodHandle$Holder.invokeStaticInit(java.lang.Object, java.lang.Object, java.lang.Object)'> (0x0000000084ecaed0) 
thrown [s\open\src\hotspot\share\interpreter\linkResolver.cpp, line 773]
Event: 6.397 Thread 0x00000230cbc264c0 Exception <a 'java/lang/NoSuchMethodError'{0x0000000084ed2028}: 'void java.lang.invoke.DirectMethodHandle$Holder.invokeStaticInit(java.lang.Object, java.lang.Object, java.lang.Object, java.lang.Object)'> (0x0000000084ed2028) 
thrown [s\open\src\hotspot\share\interpreter\linkResolver.cpp, line 773]
Event: 6.399 Thread 0x00000230cbc264c0 Exception <a 'java/lang/NoSuchMethodError'{0x0000000084ef42e0}: 'void java.lang.invoke.DirectMethodHandle$Holder.invokeStaticInit(java.lang.Object, java.lang.Object, java.lang.Object, java.lang.Object, java.lang.Object)'> (0x0000000084ef42e0) 
thrown [s\open\src\hotspot\share\interpreter\linkResolver.cpp, line 773]
Event: 6.408 Thread 0x00000230cbc264c0 Exception <a 'java/lang/NoSuchMethodError'{0x0000000084d4f9d0}: 'int java.lang.invoke.DirectMethodHandle$Holder.invokeStaticInit(java.lang.Object, java.lang.Object, java.lang.Object, java.lang.Object)'> (0x0000000084d4f9d0) 
thrown [s\open\src\hotspot\share\interpreter\linkResolver.cpp, line 773]
Event: 6.616 Thread 0x00000230cbc264c0 Exception <a 'java/lang/ClassNotFoundException'{0x00000000843b5698}: groovy/lang/ExpandoMetaClassBeanInfo> (0x00000000843b5698) 
thrown [s\open\src\hotspot\share\classfile\systemDictionary.cpp, line 305]
Event: 6.616 Thread 0x00000230cbc264c0 Exception <a 'java/lang/ClassNotFoundException'{0x00000000843bd3b0}: groovy/lang/MetaClassImplBeanInfo> (0x00000000843bd3b0) 
thrown [s\open\src\hotspot\share\classfile\systemDictionary.cpp, line 305]
Event: 6.617 Thread 0x00000230cbc264c0 Exception <a 'java/lang/ClassNotFoundException'{0x00000000843c1fe8}: java/lang/ObjectBeanInfo> (0x00000000843c1fe8) 
thrown [s\open\src\hotspot\share\classfile\systemDictionary.cpp, line 305]
Event: 6.618 Thread 0x00000230cbc264c0 Exception <a 'java/lang/ClassNotFoundException'{0x00000000843c78b8}: java/lang/ObjectCustomizer> (0x00000000843c78b8) 
thrown [s\open\src\hotspot\share\classfile\systemDictionary.cpp, line 305]
Event: 6.623 Thread 0x00000230cbc264c0 Exception <a 'java/lang/IncompatibleClassChangeError'{0x00000000843d72a0}: Found class java.lang.Object, but interface was expected> (0x00000000843d72a0) 
thrown [s\open\src\hotspot\share\interpreter\linkResolver.cpp, line 840]
Event: 6.629 Thread 0x00000230cbc264c0 Exception <a 'java/lang/ClassNotFoundException'{0x00000000843f3698}: groovy/lang/MetaClassImplCustomizer> (0x00000000843f3698) 
thrown [s\open\src\hotspot\share\classfile\systemDictionary.cpp, line 305]
Event: 6.632 Thread 0x00000230cbc264c0 Exception <a 'java/lang/ClassNotFoundException'{0x000000008421a0e0}: groovy/lang/ExpandoMetaClassCustomizer> (0x000000008421a0e0) 
thrown [s\open\src\hotspot\share\classfile\systemDictionary.cpp, line 305]

VM Operations (20 events):
Event: 6.180 Executing VM operation: HandshakeAllThreads
Event: 6.180 Executing VM operation: HandshakeAllThreads done
Event: 6.270 Executing VM operation: G1CollectForAllocation
Event: 6.277 Executing VM operation: G1CollectForAllocation done
Event: 6.350 Executing VM operation: HandshakeAllThreads
Event: 6.350 Executing VM operation: HandshakeAllThreads done
Event: 6.531 Executing VM operation: HandshakeAllThreads
Event: 6.531 Executing VM operation: HandshakeAllThreads done
Event: 6.586 Executing VM operation: HandshakeAllThreads
Event: 6.586 Executing VM operation: HandshakeAllThreads done
Event: 6.679 Executing VM operation: HandshakeAllThreads
Event: 6.679 Executing VM operation: HandshakeAllThreads done
Event: 6.679 Executing VM operation: HandshakeAllThreads
Event: 6.679 Executing VM operation: HandshakeAllThreads done
Event: 6.685 Executing VM operation: HandshakeAllThreads
Event: 6.685 Executing VM operation: HandshakeAllThreads done
Event: 6.749 Executing VM operation: HandshakeAllThreads
Event: 6.749 Executing VM operation: HandshakeAllThreads done
Event: 6.765 Executing VM operation: CollectForMetadataAllocation
Event: 6.774 Executing VM operation: CollectForMetadataAllocation done

Events (20 events):
Event: 2.804 Thread 0x00000230cbc27f50 Thread added: 0x00000230cbc27f50
Event: 3.240 Thread 0x00000230cbc284a0 Thread added: 0x00000230cbc284a0
Event: 3.249 Thread 0x00000230cbc28f40 Thread added: 0x00000230cbc28f40
Event: 3.361 Thread 0x00000230ca0e3050 Thread exited: 0x00000230ca0e3050
Event: 3.515 Thread 0x00000230cbc29490 Thread added: 0x00000230cbc29490
Event: 3.747 Thread 0x00000230cbbdc020 Thread added: 0x00000230cbbdc020
Event: 4.738 Thread 0x00000230cbf98170 Thread added: 0x00000230cbf98170
Event: 5.069 Thread 0x00000230cbc289f0 Thread added: 0x00000230cbc289f0
Event: 5.078 Thread 0x00000230cbc299e0 Thread added: 0x00000230cbc299e0
Event: 5.245 Thread 0x00000230cbf98170 Thread exited: 0x00000230cbf98170
Event: 5.270 Thread 0x00000230cbbdc020 Thread exited: 0x00000230cbbdc020
Event: 5.363 Thread 0x00000230cdc0a800 Thread added: 0x00000230cdc0a800
Event: 5.409 Thread 0x00000230cdc092c0 Thread added: 0x00000230cdc092c0
Event: 5.436 Thread 0x00000230cdc09810 Thread added: 0x00000230cdc09810
Event: 5.449 Thread 0x00000230cdc08820 Thread added: 0x00000230cdc08820
Event: 5.603 Thread 0x00000230cdc0bd40 Thread added: 0x00000230cdc0bd40
Event: 6.162 Thread 0x00000230cdc09d60 Thread added: 0x00000230cdc09d60
Event: 6.182 Thread 0x00000230cabe7c30 Thread added: 0x00000230cabe7c30
Event: 6.219 Thread 0x00000230cdc0b7f0 Thread added: 0x00000230cdc0b7f0
Event: 6.711 Thread 0x00000230cabe76a0 Thread added: 0x00000230cabe76a0


Dynamic libraries:
0x00007ff6da040000 - 0x00007ff6da050000 	C:\Program Files\Java\jdk-20\bin\java.exe
0x00007fff78590000 - 0x00007fff787a7000 	C:\WINDOWS\SYSTEM32\ntdll.dll
0x00007fff76570000 - 0x00007fff76634000 	C:\WINDOWS\System32\KERNEL32.DLL
0x00007fff75960000 - 0x00007fff75d0d000 	C:\WINDOWS\System32\KERNELBASE.dll
0x00007fff75f40000 - 0x00007fff76051000 	C:\WINDOWS\System32\ucrtbase.dll
0x00007fff16f40000 - 0x00007fff16f5b000 	C:\Program Files\Java\jdk-20\bin\VCRUNTIME140.dll
0x00007fff16f20000 - 0x00007fff16f39000 	C:\Program Files\Java\jdk-20\bin\jli.dll
0x00007fff767f0000 - 0x00007fff768a2000 	C:\WINDOWS\System32\ADVAPI32.dll
0x00007fff768f0000 - 0x00007fff76997000 	C:\WINDOWS\System32\msvcrt.dll
0x00007fff77400000 - 0x00007fff774a9000 	C:\WINDOWS\System32\sechost.dll
0x00007fff762a0000 - 0x00007fff762c8000 	C:\WINDOWS\System32\bcrypt.dll
0x00007fff76640000 - 0x00007fff76754000 	C:\WINDOWS\System32\RPCRT4.dll
0x00007fff774b0000 - 0x00007fff7765e000 	C:\WINDOWS\System32\USER32.dll
0x00007fff76060000 - 0x00007fff76086000 	C:\WINDOWS\System32\win32u.dll
0x00007fff63d50000 - 0x00007fff63fe3000 	C:\WINDOWS\WinSxS\amd64_microsoft.windows.common-controls_6595b64144ccf1df_6.0.22621.3672_none_2713b9d173822955\COMCTL32.dll
0x00007fff767c0000 - 0x00007fff767e9000 	C:\WINDOWS\System32\GDI32.dll
0x00007fff76110000 - 0x00007fff76229000 	C:\WINDOWS\System32\gdi32full.dll
0x00007fff758c0000 - 0x00007fff7595a000 	C:\WINDOWS\System32\msvcp_win.dll
0x00007fff6d200000 - 0x00007fff6d20a000 	C:\WINDOWS\SYSTEM32\VERSION.dll
0x00007fff76350000 - 0x00007fff76381000 	C:\WINDOWS\System32\IMM32.DLL
0x00007fff67ea0000 - 0x00007fff67eac000 	C:\Program Files\Java\jdk-20\bin\vcruntime140_1.dll
0x00007fff16d80000 - 0x00007fff16e0e000 	C:\Program Files\Java\jdk-20\bin\msvcp140.dll
0x00007fff0ce10000 - 0x00007fff0daa7000 	C:\Program Files\Java\jdk-20\bin\server\jvm.dll
0x00007fff6f010000 - 0x00007fff6f019000 	C:\WINDOWS\SYSTEM32\WSOCK32.dll
0x00007fff6ee60000 - 0x00007fff6ee94000 	C:\WINDOWS\SYSTEM32\WINMM.dll
0x00007fff762d0000 - 0x00007fff76341000 	C:\WINDOWS\System32\WS2_32.dll
0x00007fff748f0000 - 0x00007fff74908000 	C:\WINDOWS\SYSTEM32\kernel.appcore.dll
0x00007fff65280000 - 0x00007fff6528a000 	C:\Program Files\Java\jdk-20\bin\jimage.dll
0x00007fff690c0000 - 0x00007fff692f2000 	C:\WINDOWS\SYSTEM32\DBGHELP.DLL
0x00007fff781c0000 - 0x00007fff78548000 	C:\WINDOWS\System32\combase.dll
0x00007fff76490000 - 0x00007fff76567000 	C:\WINDOWS\System32\OLEAUT32.dll
0x00007fff2e760000 - 0x00007fff2e792000 	C:\WINDOWS\SYSTEM32\dbgcore.DLL
0x00007fff76090000 - 0x00007fff7610b000 	C:\WINDOWS\System32\bcryptPrimitives.dll
0x00007fff65170000 - 0x00007fff6517e000 	C:\Program Files\Java\jdk-20\bin\instrument.dll
0x00007fff16c90000 - 0x00007fff16cb6000 	C:\Program Files\Java\jdk-20\bin\java.dll
0x00007fff168f0000 - 0x00007fff169c7000 	C:\Program Files\Java\jdk-20\bin\jsvml.dll
0x00007fff77660000 - 0x00007fff77ebf000 	C:\WINDOWS\System32\SHELL32.dll
0x00007fff737d0000 - 0x00007fff740cc000 	C:\WINDOWS\SYSTEM32\windows.storage.dll
0x00007fff73690000 - 0x00007fff737cf000 	C:\WINDOWS\SYSTEM32\wintypes.dll
0x00007fff780c0000 - 0x00007fff781b4000 	C:\WINDOWS\System32\SHCORE.dll
0x00007fff769a0000 - 0x00007fff769fe000 	C:\WINDOWS\System32\shlwapi.dll
0x00007fff757f0000 - 0x00007fff75811000 	C:\WINDOWS\SYSTEM32\profapi.dll
0x00007fff16d60000 - 0x00007fff16d78000 	C:\Program Files\Java\jdk-20\bin\zip.dll
0x00007fff16c70000 - 0x00007fff16c83000 	C:\Program Files\Java\jdk-20\bin\net.dll
0x00007fff724e0000 - 0x00007fff72616000 	C:\WINDOWS\SYSTEM32\WINHTTP.dll
0x00007fff74dd0000 - 0x00007fff74e39000 	C:\WINDOWS\system32\mswsock.dll
0x00007fff16c50000 - 0x00007fff16c66000 	C:\Program Files\Java\jdk-20\bin\nio.dll
0x00007fff63c50000 - 0x00007fff63c60000 	C:\Program Files\Java\jdk-20\bin\verify.dll
0x00007fff62580000 - 0x00007fff625a7000 	C:\Users\DELL\.gradle\native\c067742578af261105cb4f569cf0c3c89f3d7b1fecec35dd04571415982c5e48\windows-amd64\native-platform.dll
0x00007fff158a0000 - 0x00007fff159e4000 	C:\Users\DELL\.gradle\native\38dada09dfb8b06ba9b0570ebf7e218e3eb74d4ef43ca46872605cf95ebc2f47\windows-amd64\native-platform-file-events.dll
0x00007fff633d0000 - 0x00007fff633da000 	C:\Program Files\Java\jdk-20\bin\management.dll
0x00007fff632e0000 - 0x00007fff632eb000 	C:\Program Files\Java\jdk-20\bin\management_ext.dll
0x00007fff76d40000 - 0x00007fff76d48000 	C:\WINDOWS\System32\PSAPI.DLL
0x00007fff75040000 - 0x00007fff7505b000 	C:\WINDOWS\SYSTEM32\CRYPTSP.dll
0x00007fff74850000 - 0x00007fff74885000 	C:\WINDOWS\system32\rsaenh.dll
0x00007fff74ed0000 - 0x00007fff74ef8000 	C:\WINDOWS\SYSTEM32\USERENV.dll
0x00007fff75060000 - 0x00007fff7506c000 	C:\WINDOWS\SYSTEM32\CRYPTBASE.dll
0x00007fff74330000 - 0x00007fff7435d000 	C:\WINDOWS\SYSTEM32\IPHLPAPI.DLL
0x00007fff768e0000 - 0x00007fff768e9000 	C:\WINDOWS\System32\NSI.dll
0x00007fff72400000 - 0x00007fff72419000 	C:\WINDOWS\SYSTEM32\dhcpcsvc6.DLL
0x00007fff723c0000 - 0x00007fff723df000 	C:\WINDOWS\SYSTEM32\dhcpcsvc.DLL
0x00007fff74360000 - 0x00007fff74458000 	C:\WINDOWS\SYSTEM32\DNSAPI.dll
0x00007fff62fe0000 - 0x00007fff62fe7000 	C:\Program Files\Java\jdk-20\bin\extnet.dll
0x00007fff62530000 - 0x00007fff6253e000 	C:\Program Files\Java\jdk-20\bin\sunmscapi.dll
0x00007fff75d10000 - 0x00007fff75e77000 	C:\WINDOWS\System32\CRYPT32.dll
0x00007fff75250000 - 0x00007fff7527e000 	C:\WINDOWS\SYSTEM32\ncrypt.dll
0x00007fff75210000 - 0x00007fff75247000 	C:\WINDOWS\SYSTEM32\NTASN1.dll
0x00007fff08bf0000 - 0x00007fff08bf8000 	C:\WINDOWS\system32\wshunix.dll

dbghelp: loaded successfully - version: 4.0.5 - missing functions: none
symbol engine: initialized successfully - sym options: 0x614 - pdb path: .;C:\Program Files\Java\jdk-20\bin;C:\WINDOWS\SYSTEM32;C:\WINDOWS\WinSxS\amd64_microsoft.windows.common-controls_6595b64144ccf1df_6.0.22621.3672_none_2713b9d173822955;C:\Program Files\Java\jdk-20\bin\server;C:\Users\DELL\.gradle\native\c067742578af261105cb4f569cf0c3c89f3d7b1fecec35dd04571415982c5e48\windows-amd64;C:\Users\DELL\.gradle\native\38dada09dfb8b06ba9b0570ebf7e218e3eb74d4ef43ca46872605cf95ebc2f47\windows-amd64

VM Arguments:
jvm_args: --add-opens=java.base/java.util=ALL-UNNAMED --add-opens=java.base/java.lang=ALL-UNNAMED --add-opens=java.base/java.lang.invoke=ALL-UNNAMED --add-opens=java.prefs/java.util.prefs=ALL-UNNAMED --add-opens=java.base/java.nio.charset=ALL-UNNAMED --add-opens=java.base/java.net=ALL-UNNAMED --add-opens=java.base/java.util.concurrent.atomic=ALL-UNNAMED -Xmx2048m -Dfile.encoding=UTF-8 -Duser.country=US -Duser.language=en -Duser.variant -javaagent:C:\Users\DELL\.gradle\wrapper\dists\gradle-8.6-bin\afr5mpiioh2wthjmwnkmdsd5w\gradle-8.6\lib\agents\gradle-instrumentation-agent-8.6.jar 
java_command: org.gradle.launcher.daemon.bootstrap.GradleDaemon 8.6
java_class_path (initial): C:\Users\DELL\.gradle\wrapper\dists\gradle-8.6-bin\afr5mpiioh2wthjmwnkmdsd5w\gradle-8.6\lib\gradle-launcher-8.6.jar
Launcher Type: SUN_STANDARD

[Global flags]
     intx CICompilerCount                          = 4                                         {product} {ergonomic}
     uint ConcGCThreads                            = 3                                         {product} {ergonomic}
     uint G1ConcRefinementThreads                  = 10                                        {product} {ergonomic}
   size_t G1HeapRegionSize                         = 1048576                                   {product} {ergonomic}
    uintx GCDrainStackTargetSize                   = 64                                        {product} {ergonomic}
   size_t InitialHeapSize                          = 123731968                                 {product} {ergonomic}
   size_t MarkStackSize                            = 4194304                                   {product} {ergonomic}
   size_t MaxHeapSize                              = 2147483648                                {product} {command line}
   size_t MaxNewSize                               = 1287651328                                {product} {ergonomic}
   size_t MinHeapDeltaBytes                        = 1048576                                   {product} {ergonomic}
   size_t MinHeapSize                              = 8388608                                   {product} {ergonomic}
    uintx NonNMethodCodeHeapSize                   = 5839372                                {pd product} {ergonomic}
    uintx NonProfiledCodeHeapSize                  = 122909434                              {pd product} {ergonomic}
    uintx ProfiledCodeHeapSize                     = 122909434                              {pd product} {ergonomic}
    uintx ReservedCodeCacheSize                    = 251658240                              {pd product} {ergonomic}
     bool SegmentedCodeCache                       = true                                      {product} {ergonomic}
   size_t SoftMaxHeapSize                          = 2147483648                             {manageable} {ergonomic}
     bool UseCompressedClassPointers               = true                           {product lp64_product} {ergonomic}
     bool UseCompressedOops                        = true                           {product lp64_product} {ergonomic}
     bool UseG1GC                                  = true                                      {product} {ergonomic}
     bool UseLargePagesIndividualAllocation        = false                                  {pd product} {ergonomic}

Logging:
Log output configuration:
 #0: stdout all=warning uptime,level,tags foldmultilines=false
 #1: stderr all=off uptime,level,tags foldmultilines=false

Environment Variables:
JAVA_HOME=E:\AndroidStudio\jbr
CLASSPATH=E:\Android\platforms\android-34\android.jar;E:\Android\platforms\android-34\android.jar;E:\Android\platforms\android-34\android.jar;
PATH=C:\Users\DELL\AppData\Local\nvim-data\mason\bin;C:\Program Files\PowerShell\7;C:\Users\DELL\AppData\Local\Programs\Python\Python312\Scripts\;C:\Program Files\dotnet\;C:\Users\DELL\AppData\Local\Programs\Python\Python312\;C:\Program Files\Microsoft SDKs\Azure\CLI2\wbin;C:\Users\DELL\.kube;C:\WINDOWS;C:\WINDOWS\System32\Wbem;C:\WINDOWS\System32\WindowsPowerShell\v1.0\;C:\WINDOWS\System32\OpenSSH\;C:\Program Files\Microsoft SQL Server\Client SDK\ODBC\170\Tools\Binn\;C:\Program Files (x86)\Microsoft SQL Server\150\Tools\Binn\;C:\Program Files\Microsoft SQL Server\150\Tools\Binn\;C:\Program Files\Microsoft SQL Server\150\DTS\Binn\;C:\Program Files (x86)\Microsoft SQL Server\150\DTS\Binn\;E:\AndroidStudio\jbr\bin;C:\Program Files\Azure Data Studio\bin;C:\Program Files\Java\jdk-20\bin;C:\Program Files\NetBeans 8.2\extide\ant\bin;F:\netbeans-18-bin\netbeans\java\maven\bin;C:\Program Files\Git\cmd;C:\Program Files\apache-tomcat-11.0.0-M6\BIN;C:\zig\zig-windows-x86_64-0.12.0-dev.694+937e8cb70;C:\Users\DELL\AppData\Local\Programs\Python\Python312;C:\Users\DELL\AppData\Local\Programs\Python\Python312\Scripts;E:\Docker\Docker\resources\bin;E:\minikube;C:\Windows\System32;C:\Program Files (x86)\Microsoft SQL Server\160\DTS\Binn\;C:\Users\DELL\AppData\Local\Programs\Python\Python312;F:\node-js\;C:\ProgramData\chocolatey\bin;E:\msys32\ucrt64\bin;C:\Program Files\GitHub CLI\;C:\Program Files\PowerShell\7\;E:\Android\platform-tools;E:\Android\tools;C:\Users\DELL\.cargo\bin;C:\Users\DELL\AppData\Local\Programs\Python\Launcher\;C:\Users\DELL\AppData\Local\Microsoft\WindowsApps;;C:\Program Files\Azure Data Studio\bin;C:\Users\DELL\AppData\Local\Programs\Microsoft VS Code\bin;C:\Users\DELL\.dotnet\tools;E:\Neovim\bin;E:\zig\zig-windows-x86_64-0.12.0;C:\Users\DELL\AppData\Roaming\npm;C:\Users\DELL\AppData\Local\Programs\oh-my-posh\bin;C:\Users\DELL\.dotnet\tools;E:\Neovim\bin;E:\Neovim\bin
USERNAME=DELL
OS=Windows_NT
PROCESSOR_IDENTIFIER=AMD64 Family 23 Model 104 Stepping 1, AuthenticAMD
TMP=C:\Users\DELL\AppData\Local\Temp
TEMP=C:\Users\DELL\AppData\Local\Temp




---------------  S Y S T E M  ---------------

OS:
 Windows 11 , 64 bit Build 22621 (10.0.22621.3672)
OS uptime: 0 days 3:07 hours
Hyper-V role detected

CPU: total 12 (initial active 12) (12 cores per cpu, 2 threads per core) family 23 model 104 stepping 1 microcode 0x0, cx8, cmov, fxsr, ht, mmx, 3dnowpref, sse, sse2, sse3, ssse3, sse4a, sse4.1, sse4.2, popcnt, lzcnt, tsc, tscinvbit, avx, avx2, aes, clmul, bmi1, bmi2, adx, sha, fma, vzeroupper, clflush, clflushopt, hv, rdtscp, rdpid, f16c

Memory: 4k page, system-wide physical 7528M (1091M free)
TotalPageFile size 18160M (AvailPageFile size 4M)
current process WorkingSet (physical memory assigned to process): 223M, peak: 223M
current process commit charge ("private bytes"): 268M, peak: 292M

vm_info: Java HotSpot(TM) 64-Bit Server VM (20.0.1+9-29) for windows-amd64 JRE (20.0.1+9-29), built on 2023-03-07T13:56:11Z by "mach5one" with MS VC++ 17.1 (VS2022)

END.
